GL_LOG_FILE log. local time Tue May 26 11:43:45 2015
build version: May 25 2015 20:40:15

starting GLFW
3.0.1 X11 GLX glXGetProcAddress clock_gettime /dev/js
renderer: Mesa DRI Intel(R) Haswell Mobile 
version: 3.3 (Core Profile) Mesa 10.3.2
GL Context Params:
GL_MAX_COMBINED_TEXTURE_IMAGE_UNITS 96
GL_MAX_CUBE_MAP_TEXTURE_SIZE 8192
GL_MAX_DRAW_BUFFERS 8
GL_MAX_FRAGMENT_UNIFORM_COMPONENTS 16384
GL_MAX_TEXTURE_IMAGE_UNITS 32
GL_MAX_TEXTURE_SIZE 8192
GL_MAX_VARYING_FLOATS 128
GL_MAX_VERTEX_ATTRIBS 16
GL_MAX_VERTEX_TEXTURE_IMAGE_UNITS 32
GL_MAX_VERTEX_UNIFORM_COMPONENTS 16384
GL_MAX_VIEWPORT_DIMS 16384 16384
GL_STEREO 0
-----------------------------
